<?xml version="1.0" encoding="UTF-8"?>
<!-- Generated by org.testng.reporters.JUnitReportReporter -->
<testsuite hostname="LIN25007197" failures="0" tests="1" name="testFiles.TestNGCucumberRunner" time="4.823" errors="1" timestamp="2024-11-23T00:13:32 IST" skipped="0">
  <testcase classname="testFiles.TestNGCucumberRunner" name="runScenario" time="4.823">
    <error message="Cannot invoke &quot;testFiles.JobSearchSteps.clickCareersLink()&quot; because &quot;this.jobSearchPage&quot; is null" type="java.lang.NullPointerException">
      <![CDATA[java.lang.NullPointerException: Cannot invoke "testFiles.JobSearchSteps.clickCareersLink()" because "this.jobSearchPage" is null
at testFiles.JobSearchSteps.clickCareersLink(JobSearchSteps.java:42)
at ✽.the user clicks on the Careers link(file:///C:/Users/k50/Downloads/SeleniumCucumber/Cucumber/src/main/java/featureFiles/LabCorpJobSearch.feature:6)
]]>
    </error>
  </testcase> <!-- runScenario -->
</testsuite> <!-- testFiles.TestNGCucumberRunner -->
